[09-11-2023 13:17:32] Método GET. Url: http://localhost:3440/api/autores
[09-11-2023 13:17:35] Método GET. Url: http://localhost:3440/api/posts
[09-11-2023 13:18:10] Método GET. Url: http://localhost:3440/api/posts
[09-11-2023 13:18:11] Método GET. Url: http://localhost:3440/api/posts
[09-11-2023 13:18:11] Método GET. Url: http://localhost:3440/api/posts
[09-11-2023 13:18:45] Método GET. Url: http://localhost:3440/api/posts
[09-11-2023 14:05:33] Método GET. Url: http://localhost:3440/api/posts
[09-11-2023 14:08:33] Método GET. Url: http://localhost:3440/api/posts
[09-11-2023 16:48:31] Método GET. Url: http://localhost:3440/api/autores
[09-11-2023 16:48:34] Método GET. Url: http://localhost:3440/api/autores
[09-11-2023 16:48:36] Método GET. Url: http://localhost:3440/api/posts
[09-11-2023 16:48:42] Método GET. Url: http://localhost:3440/api/posts
[09-11-2023 16:48:42] Método GET. Url: http://localhost:3440/api/posts
[09-11-2023 16:48:43] Método GET. Url: http://localhost:3440/api/posts
[09-11-2023 16:48:44] Método GET. Url: http://localhost:3440/api/posts
[09-11-2023 16:48:49] Método GET. Url: http://localhost:3440/api/autores
[09-11-2023 16:48:50] Método GET. Url: http://localhost:3440/api/autores
[09-11-2023 16:50:53] Método GET. Url: http://localhost:3440/api/autores
[09-11-2023 16:50:56] Método GET. Url: http://localhost:3440/api/posts
[09-11-2023 16:50:59] Método GET. Url: http://localhost:3440/api/autores
[09-11-2023 16:51:01] Método GET. Url: http://localhost:3440/api/autores
[09-11-2023 16:51:03] Método GET. Url: http://localhost:3440/api/posts
[09-11-2023 16:51:23] Método GET. Url: http://localhost:3440/api/autores
[09-11-2023 16:51:23] Método GET. Url: http://localhost:3440/api/autores
[09-11-2023 16:51:25] Método GET. Url: http://localhost:3440/api/posts
[09-11-2023 16:51:35] Método GET. Url: http://localhost:3440/api/posts/autor/1
[09-11-2023 16:51:37] Método GET. Url: http://localhost:3440/api/posts/autor/2
[09-11-2023 16:51:39] Método GET. Url: http://localhost:3440/api/posts/autor/3
[09-11-2023 16:51:40] Método GET. Url: http://localhost:3440/api/posts/autor/1
[09-11-2023 16:52:13] Método GET. Url: http://localhost:3440/api/autores
[09-11-2023 16:52:14] Método GET. Url: http://localhost:3440/api/autores
[09-11-2023 16:52:17] Método GET. Url: http://localhost:3440/api/posts
[09-11-2023 16:52:22] Método GET. Url: http://localhost:3440/api/posts/autor/1
[09-11-2023 16:52:24] Método GET. Url: http://localhost:3440/api/posts/autor/1
[09-11-2023 16:52:25] Método GET. Url: http://localhost:3440/api/posts/autor/1
[09-11-2023 16:52:29] Método GET. Url: http://localhost:3440/api/posts/autor/1
[09-11-2023 16:52:40] Método GET. Url: http://localhost:3440/api/posts/autor/1
[09-11-2023 16:53:09] Método GET. Url: http://localhost:3440/api/posts/autor/1
[09-11-2023 16:53:10] Método GET. Url: http://localhost:3440/api/posts/autor/1
[09-11-2023 16:55:22] Método GET. Url: http://localhost:3440/api/autores
[09-11-2023 16:55:25] Método GET. Url: http://localhost:3440/api/posts
[09-11-2023 16:55:27] Método GET. Url: http://localhost:3440/api/posts/autor/1
[09-11-2023 16:56:12] Método GET. Url: http://localhost:3440/api/posts
[09-11-2023 16:56:14] Método GET. Url: http://localhost:3440/api/posts
[09-11-2023 17:02:11] Método GET. Url: http://localhost:3440/api/posts/2
[09-11-2023 17:02:32] Método GET. Url: http://localhost:3440/api/posts/2
[09-11-2023 17:03:31] Método GET. Url: http://localhost:3440/api/posts/2
[09-11-2023 17:03:32] Método GET. Url: http://localhost:3440/api/posts/2
[09-11-2023 17:03:33] Método GET. Url: http://localhost:3440/api/posts/2
[09-11-2023 17:03:33] Método GET. Url: http://localhost:3440/api/posts/2
[09-11-2023 17:03:34] Método GET. Url: http://localhost:3440/api/posts/2
[09-11-2023 17:03:34] Método GET. Url: http://localhost:3440/api/posts/2
[09-11-2023 17:05:16] Método GET. Url: http://localhost:3440/api/posts/2
[09-11-2023 17:05:26] Método GET. Url: http://localhost:3440/api/posts/1
[09-11-2023 17:05:29] Método GET. Url: http://localhost:3440/api/posts/234
[09-11-2023 17:05:32] Método GET. Url: http://localhost:3440/api/posts/1
[09-11-2023 17:05:55] Método GET. Url: http://localhost:3440/api/posts/1
[09-11-2023 17:05:56] Método GET. Url: http://localhost:3440/api/posts/1
[09-11-2023 17:06:03] Método GET. Url: http://localhost:3440/api/posts/1
[09-11-2023 17:06:04] Método GET. Url: http://localhost:3440/api/posts/1
[09-11-2023 17:06:05] Método GET. Url: http://localhost:3440/api/posts/1
[09-11-2023 17:06:06] Método GET. Url: http://localhost:3440/api/posts/1
[09-11-2023 17:06:08] Método GET. Url: http://localhost:3440/api/posts/2
[09-11-2023 17:07:47] Método GET. Url: http://localhost:3440/api/posts/2
[09-11-2023 17:07:50] Método GET. Url: http://localhost:3440/api/posts/1
[09-11-2023 17:07:53] Método GET. Url: http://localhost:3440/api/posts/3
[09-11-2023 17:07:55] Método GET. Url: http://localhost:3440/api/posts/4
[09-11-2023 17:07:57] Método GET. Url: http://localhost:3440/api/posts/5
[09-11-2023 17:07:59] Método GET. Url: http://localhost:3440/api/posts/1
[09-11-2023 17:08:44] Método GET. Url: http://localhost:3440/api/posts/1
[09-11-2023 17:08:45] Método GET. Url: http://localhost:3440/api/posts/1
[09-11-2023 17:08:47] Método GET. Url: http://localhost:3440/api/posts/1
[09-11-2023 17:10:46] Método GET. Url: http://localhost:3440/api/posts/1
[09-11-2023 17:10:47] Método GET. Url: http://localhost:3440/api/posts/1
[09-11-2023 17:10:48] Método GET. Url: http://localhost:3440/api/posts/1
[09-11-2023 17:10:52] Método GET. Url: http://localhost:3440/api/posts/2
[09-11-2023 17:10:54] Método GET. Url: http://localhost:3440/api/posts/3
[09-11-2023 17:10:56] Método GET. Url: http://localhost:3440/api/posts/4
[09-11-2023 17:10:58] Método GET. Url: http://localhost:3440/api/posts/1
[09-11-2023 17:11:00] Método GET. Url: http://localhost:3440/api/posts/6
[09-11-2023 17:11:04] Método GET. Url: http://localhost:3440/api/posts/9
[09-11-2023 17:11:08] Método GET. Url: http://localhost:3440/api/posts/1
[09-11-2023 17:16:20] Método GET. Url: http://localhost:3440/api/posts/1
[09-11-2023 17:17:23] Método GET. Url: http://localhost:3440/api/posts/1
[09-11-2023 17:17:37] Método GET. Url: http://localhost:3440/api/posts/1
[09-11-2023 17:17:54] Método GET. Url: http://localhost:3440/api/posts/1
[09-11-2023 17:17:55] Método GET. Url: http://localhost:3440/api/posts/1
[09-11-2023 17:17:56] Método GET. Url: http://localhost:3440/api/posts/1
[09-11-2023 17:17:57] Método GET. Url: http://localhost:3440/api/posts/1
[09-11-2023 17:23:40] Método GET. Url: http://localhost:3440/api/posts/1
[09-11-2023 17:23:42] Método GET. Url: http://localhost:3440/api/posts/1
[09-11-2023 17:23:47] Método GET. Url: http://localhost:3440/api/posts/1
[09-11-2023 17:23:47] Método GET. Url: http://localhost:3440/api/posts/1
[09-11-2023 17:23:54] Método GET. Url: http://localhost:3440/api/posts/1
[09-11-2023 17:24:06] Método GET. Url: http://localhost:3440/api/posts/1
[09-11-2023 17:24:45] Método GET. Url: http://localhost:3440/api/posts/1
[09-11-2023 17:24:46] Método GET. Url: http://localhost:3440/api/posts/1
[09-11-2023 17:25:04] Método GET. Url: http://localhost:3440/api/posts/1
[09-11-2023 17:25:05] Método GET. Url: http://localhost:3440/api/posts/1
[09-11-2023 17:25:13] Método GET. Url: http://localhost:3440/api/posts/1
[09-11-2023 17:25:22] Método GET. Url: http://localhost:3440/api/posts/1
[09-11-2023 17:25:49] Método GET. Url: http://localhost:3440/api/posts/1
[09-11-2023 17:27:19] Método GET. Url: http://localhost:3440/api/posts/1
[09-11-2023 17:27:20] Método GET. Url: http://localhost:3440/api/posts/1
[09-11-2023 17:27:22] Método GET. Url: http://localhost:3440/api/autores
[09-11-2023 17:27:24] Método GET. Url: http://localhost:3440/api/posts
[09-11-2023 17:27:25] Método GET. Url: http://localhost:3440/api/posts/autor/1
[09-11-2023 17:27:27] Método GET. Url: http://localhost:3440/api/posts/1
[09-11-2023 17:37:31] Método GET. Url: http://localhost:3440/api/posts/1
[09-11-2023 17:37:51] Método GET. Url: http://localhost:3440/api/autores
[09-11-2023 17:37:54] Método GET. Url: http://localhost:3440/api/posts
[09-11-2023 17:37:56] Método GET. Url: http://localhost:3440/api/posts/autor/1
[09-11-2023 17:37:58] Método GET. Url: http://localhost:3440/api/autores
[09-11-2023 17:37:59] Método GET. Url: http://localhost:3440/api/autores
[09-11-2023 17:37:59] Método GET. Url: http://localhost:3440/api/autores
[09-11-2023 17:38:00] Método GET. Url: http://localhost:3440/api/autores
[09-11-2023 17:38:03] Método GET. Url: http://localhost:3440/api/posts
[09-11-2023 17:38:07] Método GET. Url: http://localhost:3440/api/posts/autor/1
[09-11-2023 17:38:09] Método GET. Url: http://localhost:3440/api/posts/1
[09-11-2023 17:38:12] Método GET. Url: http://localhost:3440/api/autores
[09-11-2023 17:38:22] Método GET. Url: http://localhost:3440/api/autores
[09-11-2023 17:38:23] Método GET. Url: http://localhost:3440/api/autores
[09-11-2023 17:38:24] Método GET. Url: http://localhost:3440/api/autores
[09-11-2023 17:38:25] Método GET. Url: http://localhost:3440/api/autores
[09-11-2023 17:38:26] Método GET. Url: http://localhost:3440/api/autores
[09-11-2023 22:37:27] Método GET. Url: http://localhost:3440/api/autores
[09-11-2023 22:37:31] Método GET. Url: http://localhost:3440/api/posts
[09-11-2023 22:37:35] Método GET. Url: http://localhost:3440/api/posts/autor/1
[09-11-2023 22:37:40] Método GET. Url: http://localhost:3440/api/posts/autor/2
[09-11-2023 22:37:44] Método GET. Url: http://localhost:3440/api/posts/autor/3
[09-11-2023 22:37:47] Método GET. Url: http://localhost:3440/api/posts/autor/4
[09-11-2023 22:37:49] Método GET. Url: http://localhost:3440/api/posts/autor/5
[09-11-2023 22:37:51] Método GET. Url: http://localhost:3440/api/posts/autor/1
[09-11-2023 22:38:15] Método GET. Url: http://localhost:3440/api/posts/autor/1
[09-11-2023 22:38:16] Método GET. Url: http://localhost:3440/api/posts/autor/1
[09-11-2023 22:38:19] Método GET. Url: http://localhost:3440/api/posts/autor/2
[09-11-2023 22:38:21] Método GET. Url: http://localhost:3440/api/posts/autor/3
[09-11-2023 22:38:23] Método GET. Url: http://localhost:3440/api/posts/autor/5
[09-11-2023 22:38:27] Método GET. Url: http://localhost:3440/api/posts/autor/1
[09-11-2023 22:38:35] Método GET. Url: http://localhost:3440/api/posts/1
[09-11-2023 22:38:38] Método GET. Url: http://localhost:3440/api/posts/3
[09-11-2023 22:38:40] Método GET. Url: http://localhost:3440/api/posts/6
[09-11-2023 22:38:43] Método GET. Url: http://localhost:3440/api/posts/1
[09-11-2023 22:44:39] Método GET. Url: http://localhost:3440/api/posts/1
[09-11-2023 22:44:41] Método GET. Url: http://localhost:3440/api/posts/autor/1
[09-11-2023 22:44:44] Método GET. Url: http://localhost:3440/api/posts
[09-11-2023 22:44:46] Método GET. Url: http://localhost:3440/api/autores
[09-11-2023 22:49:42] Método POST. Url: http://localhost:3440/api/posts
[09-11-2023 22:50:39] Método POST. Url: http://localhost:3440/api/posts
[09-11-2023 22:50:48] Método POST. Url: http://localhost:3440/api/posts
[09-11-2023 22:51:42] Método POST. Url: http://localhost:3440/api/posts
[09-11-2023 22:51:49] Método POST. Url: http://localhost:3440/api/posts
[09-11-2023 22:51:52] Método POST. Url: http://localhost:3440/api/posts
[09-11-2023 22:51:58] Método GET. Url: http://localhost:3440/api/posts
[09-11-2023 22:53:39] Método POST. Url: http://localhost:3440/api/posts
[09-11-2023 22:54:00] Método POST. Url: http://localhost:3440/api/posts
[09-11-2023 22:54:13] Método GET. Url: http://localhost:3440/api/posts
[09-11-2023 22:54:15] Método GET. Url: http://localhost:3440/api/posts
[09-11-2023 22:54:17] Método GET. Url: http://localhost:3440/api/autores
[09-11-2023 22:54:19] Método GET. Url: http://localhost:3440/api/posts
[09-11-2023 22:54:24] Método GET. Url: http://localhost:3440/api/posts
[09-11-2023 22:55:10] Método POST. Url: http://localhost:3440/api/posts
[09-11-2023 22:55:22] Método GET. Url: http://localhost:3440/api/posts
[09-11-2023 23:00:48] Método GET. Url: http://localhost:3440/api/autores
[09-11-2023 23:00:53] Método GET. Url: http://localhost:3440/api/autores
[09-11-2023 23:00:55] Método GET. Url: http://localhost:3440/api/posts
[09-11-2023 23:02:11] Método POST. Url: http://localhost:3440/api/posts
[09-11-2023 23:02:35] Método POST. Url: http://localhost:3440/api/autores
[09-11-2023 23:02:42] Método GET. Url: http://localhost:3440/api/autores
